______              _
 _   _ \            / |_
  | |_) |   .---. `-| |-'  .--.     _   __
  |  __'.  / /__\\  | |   ( (`\]   [ \ [  ]
 _| |__) | | \__.,  | |,   `'.'.    \ '/ /
 _______/   '.__.'  \__/  [\__) ) [\_:  /
                                   \__.'    
========= Betsy Architecture And Instruction Layout =========
 Betsy Architecture Data : SInt_8 
 Betsy Systolic Array Size : 64 × 64 
 Betsy DRAM0/Weight Depth : 2097152 
 Betsy DRAM1/Activation Depth : 2097152 
 Betsy ScratchPad Depth : 8192 
 Betsy Accumulator Depth : 8192 
 Betsy SIMD Registers Number : 1 
 Betsy OP0 Stride Depth : 8 
 Betsy OP1 Stride Depth : 8 
 Betsy Program Counter Width: 32 
 
 Betsy Instruction Width: 8 bytes => 64 bits:  
 Instruction Header(Opcode + Flag) : 8 bits 
 Operand 0 Size : 16 bits 
 Operand 1 Size : 24 bits 
 Operand 2 Size : 16 bits 
